c:\github\taisyou\game\game\fbengine\fbengine\debug\fbengine.pch
c:\github\taisyou\game\game\fbengine\fbengine\debug\fbengine.pdb
c:\github\taisyou\game\game\fbengine\fbengine\debug\fbengine.idb
c:\github\taisyou\game\game\fbengine\fbengine\debug\stdafx.obj
c:\github\taisyou\game\game\fbengine\fbengine\debug\skinmodeldata.obj
c:\github\taisyou\game\game\fbengine\fbengine\debug\skinmodelmanager.obj
c:\github\taisyou\game\game\fbengine\fbengine\debug\spherecollider.obj
c:\github\taisyou\game\game\fbengine\fbengine\debug\squarecollision.obj
c:\github\taisyou\game\game\fbengine\fbengine\debug\support.obj
c:\github\taisyou\game\game\fbengine\fbengine\debug\text.obj
c:\github\taisyou\game\game\fbengine\fbengine\debug\textobject.obj
c:\github\taisyou\game\game\fbengine\fbengine\debug\texturemanager.obj
c:\github\taisyou\game\game\fbengine\fbengine\debug\time.obj
c:\github\taisyou\game\game\fbengine\fbengine\debug\transform.obj
c:\github\taisyou\game\game\fbengine\fbengine\debug\vector.obj
c:\github\taisyou\game\game\fbengine\fbengine\debug\vertex.obj
c:\github\taisyou\game\game\fbengine\fbengine\debug\wavefile.obj
c:\github\taisyou\game\game\fbengine\fbengine\debug\wavefilebank.obj
c:\github\taisyou\game\game\fbengine\fbengine\debug\xinput.obj
c:\github\taisyou\game\game\fbengine\fbengine\debug\keyboard .obj
c:\github\taisyou\game\game\fbengine\fbengine\debug\light.obj
c:\github\taisyou\game\game\fbengine\fbengine\debug\material.obj
c:\github\taisyou\game\game\fbengine\fbengine\debug\meshcollider.obj
c:\github\taisyou\game\game\fbengine\fbengine\debug\modeloject.obj
c:\github\taisyou\game\game\fbengine\fbengine\debug\mouse.obj
c:\github\taisyou\game\game\fbengine\fbengine\debug\movie.obj
c:\github\taisyou\game\game\fbengine\fbengine\debug\object.obj
c:\github\taisyou\game\game\fbengine\fbengine\debug\game.obj
c:\github\taisyou\game\game\fbengine\fbengine\debug\gameobjectmanager.obj
c:\github\taisyou\game\game\fbengine\fbengine\debug\plateprimitive.obj
c:\github\taisyou\game\game\fbengine\fbengine\debug\random.obj
c:\github\taisyou\game\game\fbengine\fbengine\debug\rendertargetmanager.obj
c:\github\taisyou\game\game\fbengine\fbengine\debug\rigidbody.obj
c:\github\taisyou\game\game\fbengine\fbengine\debug\scenemanager.obj
c:\github\taisyou\game\game\fbengine\fbengine\debug\shadowcamera.obj
c:\github\taisyou\game\game\fbengine\fbengine\debug\skinmodel.obj
c:\github\taisyou\game\game\fbengine\fbengine\debug\animation.obj
c:\github\taisyou\game\game\fbengine\fbengine\debug\bloom.obj
c:\github\taisyou\game\game\fbengine\fbengine\debug\boxcollider.obj
c:\github\taisyou\game\game\fbengine\fbengine\debug\camera.obj
c:\github\taisyou\game\game\fbengine\fbengine\debug\capsulecollider.obj
c:\github\taisyou\game\game\fbengine\fbengine\debug\circlecollision.obj
c:\github\taisyou\game\game\fbengine\fbengine\debug\collision.obj
c:\github\taisyou\game\game\fbengine\fbengine\debug\collisionobject.obj
c:\github\taisyou\game\game\fbengine\fbengine\debug\color.obj
c:\github\taisyou\game\game\fbengine\fbengine\debug\component.obj
c:\github\taisyou\game\game\fbengine\fbengine\debug\componentmanager.obj
c:\github\taisyou\game\game\fbengine\fbengine\debug\effectmanager.obj
c:\github\taisyou\game\game\fbengine\fbengine\debug\fontmanager.obj
c:\github\taisyou\game\game\fbengine\fbengine\debug\fps.obj
c:\github\taisyou\game\game\fbengine\fbengine\debug\gameobject.obj
c:\github\taisyou\game\game\fbengine\fbengine\debug\gostcollision.obj
c:\github\taisyou\game\game\fbengine\fbengine\debug\graphicsdevice.obj
c:\github\taisyou\game\game\fbengine\fbengine\debug\imageobject.obj
c:\github\taisyou\game\game\fbengine\fbengine\debug\inputmanager.obj
c:\github\taisyou\game\game\fbengine\fbengine\debug\charactercontroller.obj
c:\github\taisyou\game\game\fbengine\fbengine\debug\particle.obj
c:\github\taisyou\game\game\fbengine\fbengine\debug\particleemitter.obj
c:\github\taisyou\game\game\fbengine\fbengine\debug\physics.obj
c:\github\taisyou\game\game\fbengine\fbengine\debug\scene.obj
c:\github\taisyou\game\game\fbengine\fbengine\debug\soundengine.obj
c:\github\taisyou\game\game\fbengine\fbengine\debug\soundsource.obj
c:\github\taisyou\game\game\fbengine\fbengine\debug\sprite.obj
c:\github\taisyou\game\game\fbengine\fbengine\debug\spriteanimation.obj
c:\github\taisyou\game\game\decide\debug\fbengine.lib
c:\github\taisyou\game\game\fbengine\fbengine\debug\rigid.obj
c:\github\taisyou\game\game\fbengine\fbengine\debug\charactercontroller.obj.enc
c:\github\taisyou\game\game\fbengine\fbengine\debug\vc120.idb
c:\github\taisyou\game\game\fbengine\fbengine\debug\vc120.pdb
c:\github\taisyou\game\game\decide\debug\fbengine.pdb
c:\github\taisyou\game\game\fbengine\fbengine\debug\fbengine.tlog\cl.command.1.tlog
c:\github\taisyou\game\game\fbengine\fbengine\debug\fbengine.tlog\cl.read.1.tlog
c:\github\taisyou\game\game\fbengine\fbengine\debug\fbengine.tlog\cl.write.1.tlog
c:\github\taisyou\game\game\fbengine\fbengine\debug\fbengine.tlog\lib-link.read.1.tlog
c:\github\taisyou\game\game\fbengine\fbengine\debug\fbengine.tlog\lib-link.write.1.tlog
c:\github\taisyou\game\game\fbengine\fbengine\debug\fbengine.tlog\lib.command.1.tlog
