  stdafx.cpp
  HatenaBox.cpp
  NBlock.cpp
  NBlockChip.cpp
  NoBlock.cpp
  Boss.cpp
  BossClear.cpp
  BossKatto.cpp
  BossLife.cpp
  BossLifeChip.cpp
  BossLifeWakuChip.cpp
  BossName.cpp
  BulletPhysics.cpp
  Camera.cpp
  SkyCamera.cpp
  CharacterController.cpp
  Coin.cpp
  CoinChip.cpp
  CoinGet.cpp
  CoinNomber.cpp
  Const.cpp
  コンパイル中...
  Bird.cpp
  BirdChip.cpp
  Kame.cpp
  Mohurun.cpp
  MohurunChip.cpp
  Saboten.cpp
  Fade.cpp
  2DImage.cpp
Frame\2DImage.cpp(21): warning C4838: 'UINT' から 'LONG' への変換には縮小変換が必要です
  Animation.cpp
  BallCollision.cpp
  bloom.cpp
  CalcAABBSizeFromMesh.cpp
  EffectManager.cpp
  Model.cpp
  RenderTarget.cpp
  ShadowMap.cpp
  SkinModel.cpp
  SkinModelData.cpp
Frame\SkinModelData.cpp(295): warning C4316: 'D3DXFRAME_DERIVED': ヒープで割り当てられたオブジェクトが 16 にアラインメントされていない可能性があります
Frame\SkinModelData.cpp(725): warning C4316: 'D3DXFRAME_DERIVED': ヒープで割り当てられたオブジェクトが 16 にアラインメントされていない可能性があります
Frame\SkinModelData.cpp(734): warning C4316: 'D3DXFRAME_DERIVED': ヒープで割り当てられたオブジェクトが 16 にアラインメントされていない可能性があります
Frame\SkinModelData.cpp(767): warning C4316: 'D3DXFRAME_DERIVED': ヒープで割り当てられたオブジェクトが 16 にアラインメントされていない可能性があります
  SkinModelDataManager.cpp
  Texture.cpp
  コンパイル中...
  Turn.cpp
  Kinoko.cpp
  RotationGimmick.cpp
  Goal.cpp
  GoalFlag.cpp
  System.cpp
  Light.cpp
  LightBack.cpp
  main.cpp
  Map.cpp
  MapChip.cpp
  Stage.cpp
  StageBack.cpp
  Sun.cpp
  KeyInput.cpp
  Pad.cpp
  IndexBuffer.cpp
  Particle.cpp
  ParticleEmitter.cpp
  Primitive.cpp
  コンパイル中...
  VertexBuffer.cpp
  CapsuleCollider.cpp
  Physics.cpp
  RigidBody.cpp
  SphereCollider.cpp
  Pipe.cpp
  PipeChip.cpp
  Player.cpp
  ResultCamera.cpp
  ResultDeath.cpp
  ResultGoal.cpp
  ResultLight.cpp
  ResultScene.cpp
  SceneManager.cpp
  SoundEngine.cpp
  SoundSource.cpp
  WaveFile.cpp
  Title.cpp
  TitleCamera.cpp
  TitleLight.cpp
  コンパイル中...
  TitleScene.cpp
  TitleStart.cpp
  TitleStartBG.cpp
  tkEnginePreCompile.cpp
  コード生成しています。
  All 2320 functions were compiled because no usable IPDB/IOBJ from previous compilation was found.
  コード生成が終了しました。
  game.vcxproj -> C:\GitHub\game\game\Release\game.exe
  game.vcxproj -> C:\GitHub\game\game\Release\game.pdb (Full PDB)
