c:\users\takay\desktop\ヘキサ提出\proj\flyflyflying\kbcgames_jr\release\vc140.pdb
c:\users\takay\desktop\ヘキサ提出\proj\flyflyflying\kbcgames_jr\release\scenemanager.obj
c:\users\takay\desktop\ヘキサ提出\proj\flyflyflying\kbcgames_jr\release\rigidbody.obj
c:\users\takay\desktop\ヘキサ提出\proj\flyflyflying\kbcgames_jr\release\rendertarget.obj
c:\users\takay\desktop\ヘキサ提出\proj\flyflyflying\kbcgames_jr\release\raycursor.obj
c:\users\takay\desktop\ヘキサ提出\proj\flyflyflying\kbcgames_jr\release\cparticleemitter.obj
c:\users\takay\desktop\ヘキサ提出\proj\flyflyflying\kbcgames_jr\release\cparticle.obj
c:\users\takay\desktop\ヘキサ提出\proj\flyflyflying\kbcgames_jr\release\isintersect.obj
c:\users\takay\desktop\ヘキサ提出\proj\flyflyflying\kbcgames_jr\release\input.obj
c:\users\takay\desktop\ヘキサ提出\proj\flyflyflying\kbcgames_jr\release\graphicsdevice.obj
c:\users\takay\desktop\ヘキサ提出\proj\flyflyflying\kbcgames_jr\release\depthfield.obj
c:\users\takay\desktop\ヘキサ提出\proj\flyflyflying\kbcgames_jr\release\crandom.obj
c:\users\takay\desktop\ヘキサ提出\proj\flyflyflying\kbcgames_jr\release\cgimmickmanager.obj
c:\users\takay\desktop\ヘキサ提出\proj\flyflyflying\kbcgames_jr\release\cgamepad.obj
c:\users\takay\desktop\ヘキサ提出\proj\flyflyflying\kbcgames_jr\release\ccamera.obj
c:\users\takay\desktop\ヘキサ提出\proj\flyflyflying\kbcgames_jr\release\canimation.obj
c:\users\takay\desktop\ヘキサ提出\proj\flyflyflying\kbcgames_jr\release\c3ddraw.obj
c:\users\takay\desktop\ヘキサ提出\proj\flyflyflying\kbcgames_jr\release\c2dobject.obj
c:\users\takay\desktop\ヘキサ提出\proj\flyflyflying\kbcgames_jr\release\bloomrender.obj
c:\users\takay\desktop\ヘキサ提出\proj\flyflyflying\kbcgames_jr\release\audio.obj
c:\users\takay\desktop\ヘキサ提出\proj\flyflyflying\kbcgames_jr\release\bulletphysics.obj
c:\users\takay\desktop\ヘキサ提出\proj\flyflyflying\kbcgames_jr\release\ground3.obj
c:\users\takay\desktop\ヘキサ提出\proj\flyflyflying\kbcgames_jr\release\ground2.obj
c:\users\takay\desktop\ヘキサ提出\proj\flyflyflying\kbcgames_jr\release\ground.obj
c:\users\takay\desktop\ヘキサ提出\proj\flyflyflying\kbcgames_jr\release\goal.obj
c:\users\takay\desktop\ヘキサ提出\proj\flyflyflying\kbcgames_jr\release\gamescene.obj
c:\users\takay\desktop\ヘキサ提出\proj\flyflyflying\kbcgames_jr\release\gamecursorwind.obj
c:\users\takay\desktop\ヘキサ提出\proj\flyflyflying\kbcgames_jr\release\gamecursor3d.obj
c:\users\takay\desktop\ヘキサ提出\proj\flyflyflying\kbcgames_jr\release\gamecursor.obj
c:\users\takay\desktop\ヘキサ提出\proj\flyflyflying\kbcgames_jr\release\flowermanager.obj
c:\users\takay\desktop\ヘキサ提出\proj\flyflyflying\kbcgames_jr\release\cselectcursor.obj
c:\users\takay\desktop\ヘキサ提出\proj\flyflyflying\kbcgames_jr\release\clearselect.obj
c:\users\takay\desktop\ヘキサ提出\proj\flyflyflying\kbcgames_jr\release\cgameflg.obj
c:\users\takay\desktop\ヘキサ提出\proj\flyflyflying\kbcgames_jr\release\cflower.obj
c:\users\takay\desktop\ヘキサ提出\proj\flyflyflying\kbcgames_jr\release\cdataload.obj
c:\users\takay\desktop\ヘキサ提出\proj\flyflyflying\kbcgames_jr\release\winmain.obj
c:\users\takay\desktop\ヘキサ提出\proj\flyflyflying\kbcgames_jr\release\turn.obj
c:\users\takay\desktop\ヘキサ提出\proj\flyflyflying\kbcgames_jr\release\cstagemanager.obj
c:\users\takay\desktop\ヘキサ提出\proj\flyflyflying\kbcgames_jr\release\cstage.obj
c:\users\takay\desktop\ヘキサ提出\proj\flyflyflying\kbcgames_jr\release\skinmodeldate.obj
c:\users\takay\desktop\ヘキサ提出\proj\flyflyflying\kbcgames_jr\release\shadow.obj
c:\users\takay\desktop\ヘキサ提出\proj\flyflyflying\kbcgames_jr\release\stage5.obj
c:\users\takay\desktop\ヘキサ提出\proj\flyflyflying\kbcgames_jr\release\stage4.obj
c:\users\takay\desktop\ヘキサ提出\proj\flyflyflying\kbcgames_jr\release\stage3.obj
c:\users\takay\desktop\ヘキサ提出\proj\flyflyflying\kbcgames_jr\release\stage2.obj
c:\users\takay\desktop\ヘキサ提出\proj\flyflyflying\kbcgames_jr\release\stage1back.obj
c:\users\takay\desktop\ヘキサ提出\proj\flyflyflying\kbcgames_jr\release\stage1.obj
c:\users\takay\desktop\ヘキサ提出\proj\flyflyflying\kbcgames_jr\release\selectscene.obj
c:\users\takay\desktop\ヘキサ提出\proj\flyflyflying\kbcgames_jr\release\resultscene.obj
c:\users\takay\desktop\ヘキサ提出\proj\flyflyflying\kbcgames_jr\release\alwayswind.obj
c:\users\takay\desktop\ヘキサ提出\proj\flyflyflying\kbcgames_jr\release\pointa.obj
c:\users\takay\desktop\ヘキサ提出\proj\flyflyflying\kbcgames_jr\release\player.obj
c:\users\takay\desktop\ヘキサ提出\proj\flyflyflying\kbcgames_jr\release\movefloor.obj
c:\users\takay\desktop\ヘキサ提出\proj\flyflyflying\kbcgames_jr\release\lostground.obj
c:\users\takay\desktop\ヘキサ提出\proj\flyflyflying\kbcgames_jr\release\hasu.obj
c:\users\takay\desktop\ヘキサ提出\proj\flyflyflying\kbcgames_jr\release\ground9.obj
c:\users\takay\desktop\ヘキサ提出\proj\flyflyflying\kbcgames_jr\release\ground8.obj
c:\users\takay\desktop\ヘキサ提出\proj\flyflyflying\kbcgames_jr\release\ground7.obj
c:\users\takay\desktop\ヘキサ提出\proj\flyflyflying\kbcgames_jr\release\ground6.obj
c:\users\takay\desktop\ヘキサ提出\proj\flyflyflying\kbcgames_jr\release\ground5.obj
c:\users\takay\desktop\ヘキサ提出\proj\flyflyflying\kbcgames_jr\release\ground4.obj
c:\users\takay\desktop\ヘキサ提出\proj\flyflyflying\kbcgames_jr\release\wood.obj
c:\users\takay\desktop\ヘキサ提出\proj\flyflyflying\kbcgames_jr\release\windmill.obj
c:\users\takay\desktop\ヘキサ提出\proj\flyflyflying\kbcgames_jr\release\titleunitychan.obj
c:\users\takay\desktop\ヘキサ提出\proj\flyflyflying\kbcgames_jr\release\titlestart.obj
c:\users\takay\desktop\ヘキサ提出\proj\flyflyflying\kbcgames_jr\release\titlescene.obj
c:\users\takay\desktop\ヘキサ提出\proj\flyflyflying\kbcgames_jr\release\titlecontinue.obj
c:\users\takay\desktop\ヘキサ提出\proj\flyflyflying\kbcgames_jr\release\title.obj
c:\users\takay\desktop\ヘキサ提出\proj\flyflyflying\kbcgames_jr\release\stagetest.obj
c:\users\takay\desktop\ヘキサ提出\proj\flyflyflying\kbcgames_jr\release\stageclear.obj
c:\users\takay\desktop\ヘキサ提出\proj\flyflyflying\kbcgames_jr\release\stage9.obj
c:\users\takay\desktop\ヘキサ提出\proj\flyflyflying\kbcgames_jr\release\stage8.obj
c:\users\takay\desktop\ヘキサ提出\proj\flyflyflying\kbcgames_jr\release\stage7.obj
c:\users\takay\desktop\ヘキサ提出\proj\flyflyflying\kbcgames_jr\release\stage6.obj
c:\users\takay\desktop\ヘキサ提出\proj\flyflyflying\release\kbcgames_jr.exe
c:\users\takay\desktop\ヘキサ提出\proj\flyflyflying\release\kbcgames_jr.ipdb
c:\users\takay\desktop\ヘキサ提出\proj\flyflyflying\release\kbcgames_jr.iobj
c:\users\takay\desktop\ヘキサ提出\proj\flyflyflying\release\kbcgames_jr.pdb
c:\users\takay\desktop\ヘキサ提出\proj\flyflyflying\kbcgames_jr\release\kbcgames_jr.tlog\cl.command.1.tlog
c:\users\takay\desktop\ヘキサ提出\proj\flyflyflying\kbcgames_jr\release\kbcgames_jr.tlog\cl.read.1.tlog
c:\users\takay\desktop\ヘキサ提出\proj\flyflyflying\kbcgames_jr\release\kbcgames_jr.tlog\cl.write.1.tlog
c:\users\takay\desktop\ヘキサ提出\proj\flyflyflying\kbcgames_jr\release\kbcgames_jr.tlog\link.command.1.tlog
c:\users\takay\desktop\ヘキサ提出\proj\flyflyflying\kbcgames_jr\release\kbcgames_jr.tlog\link.read.1.tlog
c:\users\takay\desktop\ヘキサ提出\proj\flyflyflying\kbcgames_jr\release\kbcgames_jr.tlog\link.write.1.tlog
